F00:0001       
F00:0002       	.include "\SrcALL\V1_Header.asm"
F01:0001       	.ifdef BuildROS
F01:0002       		.include "\SrcROS\V1_Header.asm"
F02:0001       	.equ progbase,0
F02:0002       
F02:0003       ; Hello World in ARM code assembler, with RISC OS software interrupt
F02:0004       	.org  0x08000     ;
F02:0005       BaseRam:
F02:0006       	b CodeStart
               S01:00008000:  62 01 00 EA
F02:0007       	
F02:0008       	
F02:0009       
F02:0010       
F02:0011       	.word 0,0,0,0,0,0,0,0,0,0,0,0,0,0,0,0,0,0,0,0,0,0,0,0,0,0,0,0,0,0,0,0
               S01:00008004:  00 00
               S01:00008006:  00 00
               S01:00008008:  00 00
               S01:0000800A:  00 00
               S01:0000800C:  00 00
               S01:0000800E:  00 00
               S01:00008010:  00 00
               S01:00008012:  00 00
               S01:00008014:  00 00
               S01:00008016:  00 00
               S01:00008018:  00 00
               S01:0000801A:  00 00
               S01:0000801C:  00 00
               S01:0000801E:  00 00
               S01:00008020:  00 00
               S01:00008022:  00 00
               S01:00008024:  00 00
               S01:00008026:  00 00
               S01:00008028:  00 00
               S01:0000802A:  00 00
               S01:0000802C:  00 00
               S01:0000802E:  00 00
               S01:00008030:  00 00
               S01:00008032:  00 00
               S01:00008034:  00 00
               S01:00008036:  00 00
               S01:00008038:  00 00
               S01:0000803A:  00 00
               S01:0000803C:  00 00
               S01:0000803E:  00 00
               S01:00008040:  00 00
               S01:00008042:  00 00
F02:0012       	.word 0,0,0,0,0,0,0,0,0,0,0,0,0,0,0,0,0,0,0,0,0,0,0,0,0,0,0,0,0,0,0,0
               S01:00008044:  00 00
               S01:00008046:  00 00
               S01:00008048:  00 00
               S01:0000804A:  00 00
               S01:0000804C:  00 00
               S01:0000804E:  00 00
               S01:00008050:  00 00
               S01:00008052:  00 00
               S01:00008054:  00 00
               S01:00008056:  00 00
               S01:00008058:  00 00
               S01:0000805A:  00 00
               S01:0000805C:  00 00
               S01:0000805E:  00 00
               S01:00008060:  00 00
               S01:00008062:  00 00
               S01:00008064:  00 00
               S01:00008066:  00 00
               S01:00008068:  00 00
               S01:0000806A:  00 00
               S01:0000806C:  00 00
               S01:0000806E:  00 00
               S01:00008070:  00 00
               S01:00008072:  00 00
               S01:00008074:  00 00
               S01:00008076:  00 00
               S01:00008078:  00 00
               S01:0000807A:  00 00
               S01:0000807C:  00 00
               S01:0000807E:  00 00
               S01:00008080:  00 00
               S01:00008082:  00 00
F02:0013       	.word 0,0,0,0,0,0,0,0,0,0,0,0,0,0,0,0,0,0,0,0,0,0,0,0,0,0,0,0,0,0,0,0
               S01:00008084:  00 00
               S01:00008086:  00 00
               S01:00008088:  00 00
               S01:0000808A:  00 00
               S01:0000808C:  00 00
               S01:0000808E:  00 00
               S01:00008090:  00 00
               S01:00008092:  00 00
               S01:00008094:  00 00
               S01:00008096:  00 00
               S01:00008098:  00 00
               S01:0000809A:  00 00
               S01:0000809C:  00 00
               S01:0000809E:  00 00
               S01:000080A0:  00 00
               S01:000080A2:  00 00
               S01:000080A4:  00 00
               S01:000080A6:  00 00
               S01:000080A8:  00 00
               S01:000080AA:  00 00
               S01:000080AC:  00 00
               S01:000080AE:  00 00
               S01:000080B0:  00 00
               S01:000080B2:  00 00
               S01:000080B4:  00 00
               S01:000080B6:  00 00
               S01:000080B8:  00 00
               S01:000080BA:  00 00
               S01:000080BC:  00 00
               S01:000080BE:  00 00
               S01:000080C0:  00 00
               S01:000080C2:  00 00
F02:0014       	.word 0,0,0,0,0,0,0,0,0,0,0,0,0,0,0,0,0,0,0,0,0,0,0,0,0,0,0,0,0,0,0,0
               S01:000080C4:  00 00
               S01:000080C6:  00 00
               S01:000080C8:  00 00
               S01:000080CA:  00 00
               S01:000080CC:  00 00
               S01:000080CE:  00 00
               S01:000080D0:  00 00
               S01:000080D2:  00 00
               S01:000080D4:  00 00
               S01:000080D6:  00 00
               S01:000080D8:  00 00
               S01:000080DA:  00 00
               S01:000080DC:  00 00
               S01:000080DE:  00 00
               S01:000080E0:  00 00
               S01:000080E2:  00 00
               S01:000080E4:  00 00
               S01:000080E6:  00 00
               S01:000080E8:  00 00
               S01:000080EA:  00 00
               S01:000080EC:  00 00
               S01:000080EE:  00 00
               S01:000080F0:  00 00
               S01:000080F2:  00 00
               S01:000080F4:  00 00
               S01:000080F6:  00 00
               S01:000080F8:  00 00
               S01:000080FA:  00 00
               S01:000080FC:  00 00
               S01:000080FE:  00 00
               S01:00008100:  00 00
               S01:00008102:  00 00
F02:0015       	.word 0,0,0,0,0,0,0,0,0,0,0,0,0,0,0,0,0,0,0,0,0,0,0,0,0,0,0,0,0,0,0,0
               S01:00008104:  00 00
               S01:00008106:  00 00
               S01:00008108:  00 00
               S01:0000810A:  00 00
               S01:0000810C:  00 00
               S01:0000810E:  00 00
               S01:00008110:  00 00
               S01:00008112:  00 00
               S01:00008114:  00 00
               S01:00008116:  00 00
               S01:00008118:  00 00
               S01:0000811A:  00 00
               S01:0000811C:  00 00
               S01:0000811E:  00 00
               S01:00008120:  00 00
               S01:00008122:  00 00
               S01:00008124:  00 00
               S01:00008126:  00 00
               S01:00008128:  00 00
               S01:0000812A:  00 00
               S01:0000812C:  00 00
               S01:0000812E:  00 00
               S01:00008130:  00 00
               S01:00008132:  00 00
               S01:00008134:  00 00
               S01:00008136:  00 00
               S01:00008138:  00 00
               S01:0000813A:  00 00
               S01:0000813C:  00 00
               S01:0000813E:  00 00
               S01:00008140:  00 00
               S01:00008142:  00 00
F02:0016       	.word 0,0,0,0,0,0,0,0,0,0,0,0,0,0,0,0,0,0,0,0,0,0,0,0,0,0,0,0,0,0,0,0
               S01:00008144:  00 00
               S01:00008146:  00 00
               S01:00008148:  00 00
               S01:0000814A:  00 00
               S01:0000814C:  00 00
               S01:0000814E:  00 00
               S01:00008150:  00 00
               S01:00008152:  00 00
               S01:00008154:  00 00
               S01:00008156:  00 00
               S01:00008158:  00 00
               S01:0000815A:  00 00
               S01:0000815C:  00 00
               S01:0000815E:  00 00
               S01:00008160:  00 00
               S01:00008162:  00 00
               S01:00008164:  00 00
               S01:00008166:  00 00
               S01:00008168:  00 00
               S01:0000816A:  00 00
               S01:0000816C:  00 00
               S01:0000816E:  00 00
               S01:00008170:  00 00
               S01:00008172:  00 00
               S01:00008174:  00 00
               S01:00008176:  00 00
               S01:00008178:  00 00
               S01:0000817A:  00 00
               S01:0000817C:  00 00
               S01:0000817E:  00 00
               S01:00008180:  00 00
               S01:00008182:  00 00
F02:0017       	.word 0,0,0,0,0,0,0,0,0,0,0,0,0,0,0,0,0,0,0,0,0,0,0,0,0,0,0,0,0,0,0,0
               S01:00008184:  00 00
               S01:00008186:  00 00
               S01:00008188:  00 00
               S01:0000818A:  00 00
               S01:0000818C:  00 00
               S01:0000818E:  00 00
               S01:00008190:  00 00
               S01:00008192:  00 00
               S01:00008194:  00 00
               S01:00008196:  00 00
               S01:00008198:  00 00
               S01:0000819A:  00 00
               S01:0000819C:  00 00
               S01:0000819E:  00 00
               S01:000081A0:  00 00
               S01:000081A2:  00 00
               S01:000081A4:  00 00
               S01:000081A6:  00 00
               S01:000081A8:  00 00
               S01:000081AA:  00 00
               S01:000081AC:  00 00
               S01:000081AE:  00 00
               S01:000081B0:  00 00
               S01:000081B2:  00 00
               S01:000081B4:  00 00
               S01:000081B6:  00 00
               S01:000081B8:  00 00
               S01:000081BA:  00 00
               S01:000081BC:  00 00
               S01:000081BE:  00 00
               S01:000081C0:  00 00
               S01:000081C2:  00 00
F02:0018       	.word 0,0,0,0,0,0,0,0,0,0,0,0,0,0,0,0,0,0,0,0,0,0,0,0,0,0,0,0,0,0,0,0
               S01:000081C4:  00 00
               S01:000081C6:  00 00
               S01:000081C8:  00 00
               S01:000081CA:  00 00
               S01:000081CC:  00 00
               S01:000081CE:  00 00
               S01:000081D0:  00 00
               S01:000081D2:  00 00
               S01:000081D4:  00 00
               S01:000081D6:  00 00
               S01:000081D8:  00 00
               S01:000081DA:  00 00
               S01:000081DC:  00 00
               S01:000081DE:  00 00
               S01:000081E0:  00 00
               S01:000081E2:  00 00
               S01:000081E4:  00 00
               S01:000081E6:  00 00
               S01:000081E8:  00 00
               S01:000081EA:  00 00
               S01:000081EC:  00 00
               S01:000081EE:  00 00
               S01:000081F0:  00 00
               S01:000081F2:  00 00
               S01:000081F4:  00 00
               S01:000081F6:  00 00
               S01:000081F8:  00 00
               S01:000081FA:  00 00
               S01:000081FC:  00 00
               S01:000081FE:  00 00
               S01:00008200:  00 00
               S01:00008202:  00 00
F02:0019       	.word 0,0,0,0,0,0,0,0,0,0,0,0,0,0,0,0,0,0,0,0,0,0,0,0,0,0,0,0,0,0,0,0
               S01:00008204:  00 00
               S01:00008206:  00 00
               S01:00008208:  00 00
               S01:0000820A:  00 00
               S01:0000820C:  00 00
               S01:0000820E:  00 00
               S01:00008210:  00 00
               S01:00008212:  00 00
               S01:00008214:  00 00
               S01:00008216:  00 00
               S01:00008218:  00 00
               S01:0000821A:  00 00
               S01:0000821C:  00 00
               S01:0000821E:  00 00
               S01:00008220:  00 00
               S01:00008222:  00 00
               S01:00008224:  00 00
               S01:00008226:  00 00
               S01:00008228:  00 00
               S01:0000822A:  00 00
               S01:0000822C:  00 00
               S01:0000822E:  00 00
               S01:00008230:  00 00
               S01:00008232:  00 00
               S01:00008234:  00 00
               S01:00008236:  00 00
               S01:00008238:  00 00
               S01:0000823A:  00 00
               S01:0000823C:  00 00
               S01:0000823E:  00 00
               S01:00008240:  00 00
               S01:00008242:  00 00
F02:0020       	.word 0,0,0,0,0,0,0,0,0,0,0,0,0,0,0,0,0,0,0,0,0,0,0,0,0,0,0,0,0,0,0,0
               S01:00008244:  00 00
               S01:00008246:  00 00
               S01:00008248:  00 00
               S01:0000824A:  00 00
               S01:0000824C:  00 00
               S01:0000824E:  00 00
               S01:00008250:  00 00
               S01:00008252:  00 00
               S01:00008254:  00 00
               S01:00008256:  00 00
               S01:00008258:  00 00
               S01:0000825A:  00 00
               S01:0000825C:  00 00
               S01:0000825E:  00 00
               S01:00008260:  00 00
               S01:00008262:  00 00
               S01:00008264:  00 00
               S01:00008266:  00 00
               S01:00008268:  00 00
               S01:0000826A:  00 00
               S01:0000826C:  00 00
               S01:0000826E:  00 00
               S01:00008270:  00 00
               S01:00008272:  00 00
               S01:00008274:  00 00
               S01:00008276:  00 00
               S01:00008278:  00 00
               S01:0000827A:  00 00
               S01:0000827C:  00 00
               S01:0000827E:  00 00
               S01:00008280:  00 00
               S01:00008282:  00 00
F02:0021       	.word 0,0,0,0,0,0,0,0,0,0,0,0,0,0,0,0,0,0,0,0,0,0,0,0,0,0,0,0,0,0,0,0
               S01:00008284:  00 00
               S01:00008286:  00 00
               S01:00008288:  00 00
               S01:0000828A:  00 00
               S01:0000828C:  00 00
               S01:0000828E:  00 00
               S01:00008290:  00 00
               S01:00008292:  00 00
               S01:00008294:  00 00
               S01:00008296:  00 00
               S01:00008298:  00 00
               S01:0000829A:  00 00
               S01:0000829C:  00 00
               S01:0000829E:  00 00
               S01:000082A0:  00 00
               S01:000082A2:  00 00
               S01:000082A4:  00 00
               S01:000082A6:  00 00
               S01:000082A8:  00 00
               S01:000082AA:  00 00
               S01:000082AC:  00 00
               S01:000082AE:  00 00
               S01:000082B0:  00 00
               S01:000082B2:  00 00
               S01:000082B4:  00 00
               S01:000082B6:  00 00
               S01:000082B8:  00 00
               S01:000082BA:  00 00
               S01:000082BC:  00 00
               S01:000082BE:  00 00
               S01:000082C0:  00 00
               S01:000082C2:  00 00
F02:0022       	
F02:0023       	
F02:0024       	.word 0,0,0,0,0,0,0,0,0,0,0,0,0,0,0,0,0,0,0,0,0,0,0,0,0,0,0,0,0,0,0,0
               S01:000082C4:  00 00
               S01:000082C6:  00 00
               S01:000082C8:  00 00
               S01:000082CA:  00 00
               S01:000082CC:  00 00
               S01:000082CE:  00 00
               S01:000082D0:  00 00
               S01:000082D2:  00 00
               S01:000082D4:  00 00
               S01:000082D6:  00 00
               S01:000082D8:  00 00
               S01:000082DA:  00 00
               S01:000082DC:  00 00
               S01:000082DE:  00 00
               S01:000082E0:  00 00
               S01:000082E2:  00 00
               S01:000082E4:  00 00
               S01:000082E6:  00 00
               S01:000082E8:  00 00
               S01:000082EA:  00 00
               S01:000082EC:  00 00
               S01:000082EE:  00 00
               S01:000082F0:  00 00
               S01:000082F2:  00 00
               S01:000082F4:  00 00
               S01:000082F6:  00 00
               S01:000082F8:  00 00
               S01:000082FA:  00 00
               S01:000082FC:  00 00
               S01:000082FE:  00 00
               S01:00008300:  00 00
               S01:00008302:  00 00
F02:0025       	.word 0,0,0,0,0,0,0,0,0,0,0,0,0,0,0,0,0,0,0,0,0,0,0,0,0,0,0,0,0,0,0,0
               S01:00008304:  00 00
               S01:00008306:  00 00
               S01:00008308:  00 00
               S01:0000830A:  00 00
               S01:0000830C:  00 00
               S01:0000830E:  00 00
               S01:00008310:  00 00
               S01:00008312:  00 00
               S01:00008314:  00 00
               S01:00008316:  00 00
               S01:00008318:  00 00
               S01:0000831A:  00 00
               S01:0000831C:  00 00
               S01:0000831E:  00 00
               S01:00008320:  00 00
               S01:00008322:  00 00
               S01:00008324:  00 00
               S01:00008326:  00 00
               S01:00008328:  00 00
               S01:0000832A:  00 00
               S01:0000832C:  00 00
               S01:0000832E:  00 00
               S01:00008330:  00 00
               S01:00008332:  00 00
               S01:00008334:  00 00
               S01:00008336:  00 00
               S01:00008338:  00 00
               S01:0000833A:  00 00
               S01:0000833C:  00 00
               S01:0000833E:  00 00
               S01:00008340:  00 00
               S01:00008342:  00 00
F02:0026       	.word 0,0,0,0,0,0,0,0,0,0,0,0,0,0,0,0,0,0,0,0,0,0,0,0,0,0,0,0,0,0,0,0
               S01:00008344:  00 00
               S01:00008346:  00 00
               S01:00008348:  00 00
               S01:0000834A:  00 00
               S01:0000834C:  00 00
               S01:0000834E:  00 00
               S01:00008350:  00 00
               S01:00008352:  00 00
               S01:00008354:  00 00
               S01:00008356:  00 00
               S01:00008358:  00 00
               S01:0000835A:  00 00
               S01:0000835C:  00 00
               S01:0000835E:  00 00
               S01:00008360:  00 00
               S01:00008362:  00 00
               S01:00008364:  00 00
               S01:00008366:  00 00
               S01:00008368:  00 00
               S01:0000836A:  00 00
               S01:0000836C:  00 00
               S01:0000836E:  00 00
               S01:00008370:  00 00
               S01:00008372:  00 00
               S01:00008374:  00 00
               S01:00008376:  00 00
               S01:00008378:  00 00
               S01:0000837A:  00 00
               S01:0000837C:  00 00
               S01:0000837E:  00 00
               S01:00008380:  00 00
               S01:00008382:  00 00
F02:0027       	.word 0,0,0,0,0,0,0,0,0,0,0,0,0,0,0,0,0,0,0,0,0,0,0,0,0,0,0,0,0,0,0,0
               S01:00008384:  00 00
               S01:00008386:  00 00
               S01:00008388:  00 00
               S01:0000838A:  00 00
               S01:0000838C:  00 00
               S01:0000838E:  00 00
               S01:00008390:  00 00
               S01:00008392:  00 00
               S01:00008394:  00 00
               S01:00008396:  00 00
               S01:00008398:  00 00
               S01:0000839A:  00 00
               S01:0000839C:  00 00
               S01:0000839E:  00 00
               S01:000083A0:  00 00
               S01:000083A2:  00 00
               S01:000083A4:  00 00
               S01:000083A6:  00 00
               S01:000083A8:  00 00
               S01:000083AA:  00 00
               S01:000083AC:  00 00
               S01:000083AE:  00 00
               S01:000083B0:  00 00
               S01:000083B2:  00 00
               S01:000083B4:  00 00
               S01:000083B6:  00 00
               S01:000083B8:  00 00
               S01:000083BA:  00 00
               S01:000083BC:  00 00
               S01:000083BE:  00 00
               S01:000083C0:  00 00
               S01:000083C2:  00 00
F02:0028       	.word 0,0,0,0,0,0,0,0,0,0,0,0,0,0,0,0,0,0,0,0,0,0,0,0,0,0,0,0,0,0,0,0
               S01:000083C4:  00 00
               S01:000083C6:  00 00
               S01:000083C8:  00 00
               S01:000083CA:  00 00
               S01:000083CC:  00 00
               S01:000083CE:  00 00
               S01:000083D0:  00 00
               S01:000083D2:  00 00
               S01:000083D4:  00 00
               S01:000083D6:  00 00
               S01:000083D8:  00 00
               S01:000083DA:  00 00
               S01:000083DC:  00 00
               S01:000083DE:  00 00
               S01:000083E0:  00 00
               S01:000083E2:  00 00
               S01:000083E4:  00 00
               S01:000083E6:  00 00
               S01:000083E8:  00 00
               S01:000083EA:  00 00
               S01:000083EC:  00 00
               S01:000083EE:  00 00
               S01:000083F0:  00 00
               S01:000083F2:  00 00
               S01:000083F4:  00 00
               S01:000083F6:  00 00
               S01:000083F8:  00 00
               S01:000083FA:  00 00
               S01:000083FC:  00 00
               S01:000083FE:  00 00
               S01:00008400:  00 00
               S01:00008402:  00 00
F02:0029       	.word 0,0,0,0,0,0,0,0,0,0,0,0,0,0,0,0,0,0,0,0,0,0,0,0,0,0,0,0,0,0,0,0
               S01:00008404:  00 00
               S01:00008406:  00 00
               S01:00008408:  00 00
               S01:0000840A:  00 00
               S01:0000840C:  00 00
               S01:0000840E:  00 00
               S01:00008410:  00 00
               S01:00008412:  00 00
               S01:00008414:  00 00
               S01:00008416:  00 00
               S01:00008418:  00 00
               S01:0000841A:  00 00
               S01:0000841C:  00 00
               S01:0000841E:  00 00
               S01:00008420:  00 00
               S01:00008422:  00 00
               S01:00008424:  00 00
               S01:00008426:  00 00
               S01:00008428:  00 00
               S01:0000842A:  00 00
               S01:0000842C:  00 00
               S01:0000842E:  00 00
               S01:00008430:  00 00
               S01:00008432:  00 00
               S01:00008434:  00 00
               S01:00008436:  00 00
               S01:00008438:  00 00
               S01:0000843A:  00 00
               S01:0000843C:  00 00
               S01:0000843E:  00 00
               S01:00008440:  00 00
               S01:00008442:  00 00
F02:0030       	.word 0,0,0,0,0,0,0,0,0,0,0,0,0,0,0,0,0,0,0,0,0,0,0,0,0,0,0,0,0,0,0,0
               S01:00008444:  00 00
               S01:00008446:  00 00
               S01:00008448:  00 00
               S01:0000844A:  00 00
               S01:0000844C:  00 00
               S01:0000844E:  00 00
               S01:00008450:  00 00
               S01:00008452:  00 00
               S01:00008454:  00 00
               S01:00008456:  00 00
               S01:00008458:  00 00
               S01:0000845A:  00 00
               S01:0000845C:  00 00
               S01:0000845E:  00 00
               S01:00008460:  00 00
               S01:00008462:  00 00
               S01:00008464:  00 00
               S01:00008466:  00 00
               S01:00008468:  00 00
               S01:0000846A:  00 00
               S01:0000846C:  00 00
               S01:0000846E:  00 00
               S01:00008470:  00 00
               S01:00008472:  00 00
               S01:00008474:  00 00
               S01:00008476:  00 00
               S01:00008478:  00 00
               S01:0000847A:  00 00
               S01:0000847C:  00 00
               S01:0000847E:  00 00
               S01:00008480:  00 00
               S01:00008482:  00 00
F02:0031       	.word 0,0,0,0,0,0,0,0,0,0,0,0,0,0,0,0,0,0,0,0,0,0,0,0,0,0,0,0,0,0,0,0
               S01:00008484:  00 00
               S01:00008486:  00 00
               S01:00008488:  00 00
               S01:0000848A:  00 00
               S01:0000848C:  00 00
               S01:0000848E:  00 00
               S01:00008490:  00 00
               S01:00008492:  00 00
               S01:00008494:  00 00
               S01:00008496:  00 00
               S01:00008498:  00 00
               S01:0000849A:  00 00
               S01:0000849C:  00 00
               S01:0000849E:  00 00
               S01:000084A0:  00 00
               S01:000084A2:  00 00
               S01:000084A4:  00 00
               S01:000084A6:  00 00
               S01:000084A8:  00 00
               S01:000084AA:  00 00
               S01:000084AC:  00 00
               S01:000084AE:  00 00
               S01:000084B0:  00 00
               S01:000084B2:  00 00
               S01:000084B4:  00 00
               S01:000084B6:  00 00
               S01:000084B8:  00 00
               S01:000084BA:  00 00
               S01:000084BC:  00 00
               S01:000084BE:  00 00
               S01:000084C0:  00 00
               S01:000084C2:  00 00
F02:0032       	.word 0,0,0,0,0,0,0,0,0,0,0,0,0,0,0,0,0,0,0,0,0,0,0,0,0,0,0,0,0,0,0,0
               S01:000084C4:  00 00
               S01:000084C6:  00 00
               S01:000084C8:  00 00
               S01:000084CA:  00 00
               S01:000084CC:  00 00
               S01:000084CE:  00 00
               S01:000084D0:  00 00
               S01:000084D2:  00 00
               S01:000084D4:  00 00
               S01:000084D6:  00 00
               S01:000084D8:  00 00
               S01:000084DA:  00 00
               S01:000084DC:  00 00
               S01:000084DE:  00 00
               S01:000084E0:  00 00
               S01:000084E2:  00 00
               S01:000084E4:  00 00
               S01:000084E6:  00 00
               S01:000084E8:  00 00
               S01:000084EA:  00 00
               S01:000084EC:  00 00
               S01:000084EE:  00 00
               S01:000084F0:  00 00
               S01:000084F2:  00 00
               S01:000084F4:  00 00
               S01:000084F6:  00 00
               S01:000084F8:  00 00
               S01:000084FA:  00 00
               S01:000084FC:  00 00
               S01:000084FE:  00 00
               S01:00008500:  00 00
               S01:00008502:  00 00
F02:0033       	.word 0,0,0,0,0,0,0,0,0,0,0,0,0,0,0,0,0,0,0,0,0,0,0,0,0,0,0,0,0,0,0,0
               S01:00008504:  00 00
               S01:00008506:  00 00
               S01:00008508:  00 00
               S01:0000850A:  00 00
               S01:0000850C:  00 00
               S01:0000850E:  00 00
               S01:00008510:  00 00
               S01:00008512:  00 00
               S01:00008514:  00 00
               S01:00008516:  00 00
               S01:00008518:  00 00
               S01:0000851A:  00 00
               S01:0000851C:  00 00
               S01:0000851E:  00 00
               S01:00008520:  00 00
               S01:00008522:  00 00
               S01:00008524:  00 00
               S01:00008526:  00 00
               S01:00008528:  00 00
               S01:0000852A:  00 00
               S01:0000852C:  00 00
               S01:0000852E:  00 00
               S01:00008530:  00 00
               S01:00008532:  00 00
               S01:00008534:  00 00
               S01:00008536:  00 00
               S01:00008538:  00 00
               S01:0000853A:  00 00
               S01:0000853C:  00 00
               S01:0000853E:  00 00
               S01:00008540:  00 00
               S01:00008542:  00 00
F02:0034       	.word 0,0,0,0,0,0,0,0,0,0,0,0,0,0,0,0,0,0,0,0,0,0,0,0,0,0,0,0,0,0,0,0
               S01:00008544:  00 00
               S01:00008546:  00 00
               S01:00008548:  00 00
               S01:0000854A:  00 00
               S01:0000854C:  00 00
               S01:0000854E:  00 00
               S01:00008550:  00 00
               S01:00008552:  00 00
               S01:00008554:  00 00
               S01:00008556:  00 00
               S01:00008558:  00 00
               S01:0000855A:  00 00
               S01:0000855C:  00 00
               S01:0000855E:  00 00
               S01:00008560:  00 00
               S01:00008562:  00 00
               S01:00008564:  00 00
               S01:00008566:  00 00
               S01:00008568:  00 00
               S01:0000856A:  00 00
               S01:0000856C:  00 00
               S01:0000856E:  00 00
               S01:00008570:  00 00
               S01:00008572:  00 00
               S01:00008574:  00 00
               S01:00008576:  00 00
               S01:00008578:  00 00
               S01:0000857A:  00 00
               S01:0000857C:  00 00
               S01:0000857E:  00 00
               S01:00008580:  00 00
               S01:00008582:  00 00
F02:0035       	.equ ramarea, 0x8000
F02:0036       	.equ CursorX,32	;offset in ramarea
F02:0037       	.equ CursorY,33
F02:0038       	
F02:0039       Stack:
F02:0040       .align 4
F02:0041       	
F02:0042       	.equ userram,ramarea
F02:0043       	.equ MonitorWidth,8
F02:0044        	
F02:0045       	.align 4
F02:0046       CodeStart:	
F02:0047       	adrl sp,stack
               S01:00008590:  14 D0 4F E2
F02:0048       
F01:0003       	.endif
F01:0004       	.ifdef BuildGBA
F01:0005       		.include "\SrcGBA\V1_Header.asm"
F01:0006       	.endif
F00:0003       	bl ScreenInit
               S01:00008594:  0A 01 00 EB
F00:0004       
F00:0005       	;b TestRegAddSub	;Test Basic Register values: MOV,ADD,SUB
F00:0006       	;b TestReadWriteRam	;Test Reading And Writing Ram
F00:0007       	b TestReadWriteRamB
               S01:00008598:  37 00 00 EA
F00:0008       	
F00:0009       ;;;;;;;;;;;;;;;;;;;;;;;;;;;;;;;;;;;;;;;;;;;;;;;;;;;;;;;;;;;;;;;;;;;;;;;;;;;;;;;;;;;;;;;;;;;;;;;;;;;;;;;;;;;;;;;;;;;;;;;;
F00:0010       
F00:0011       ;Lets learn how to set the values in Registers with the MOVe command.
F00:0012       ;This command takes 2 parameters, the one on the left is the destination register... 
F00:0013       ;the value on the right is the source
F00:0014       	
F00:0015       ;All registers on the arm are 32 bit, but we can only set 16 bits in a single Operation 
F00:0016       ;this is because of the structure of the bytecode
F00:0017       
F00:0018       TestRegAddSub:	;Test Basic Register values: MOV,ADD,SUB
F00:0019       	
F00:0020       	mov r0,#0x00001234		;Load a hex into a register
               S01:0000859C:  12 0C A0 E3 34 00 80 E3
F00:0021       	
F00:0022       	mov r1,#0x12340000		;Load a hex into a register
               S01:000085A4:  8D 17 A0 E3 04 13 81 E3
F00:0023       	
F00:0024       	bl MonitorR0R1			;Show the regs (also shows R2 on Risc OS)
               S01:000085AC:  4D 00 00 EB
F00:0025       	
F00:0026       	;We can only load 4 digits at a time, so this won't work
F00:0027       	;mov r0,#0x12345000	
F00:0028       	
F00:0029       	
F00:0030       	;MOV Rx,Val RX <- Val
F00:0031       	mov r0,#0x12340000		;Load a hex into a register
               S01:000085B0:  8D 07 A0 E3 04 03 80 E3
F00:0032       	
F00:0033       	mov r1,#0b10101010		;Load a binary into a register (0xAA)
               S01:000085B8:  AA 10 A0 E3
F00:0034       	
F00:0035       	;We can't directly load Ascii into a register (grr)
F00:0036       	mov r2,#65				;Ascii A - Decimal 	(0x41)
               S01:000085BC:  41 20 A0 E3
F00:0037       			
F00:0038       	bl MonitorR0R1	;Show the regs (also shows R2 on Risc OS)
               S01:000085C0:  48 00 00 EB
F00:0039       	
F00:0040       	bl NewLine
               S01:000085C4:  58 01 00 EB
F00:0041       	
F00:0042       	mov r0,r2
               S01:000085C8:  02 00 A0 E1
F00:0043       	
F00:0044       	bl MonitorR0R1		;Show the regs (also shows R2 on Risc OS)
               S01:000085CC:  45 00 00 EB
F00:0045       	bl NewLine
               S01:000085D0:  55 01 00 EB
F00:0046       	
F00:0047       	;This only works on Arm 3+
F00:0048       	
F00:0049       ;We can only directly set 16 bits of a 32 bit register - if we need to set all 32, we'll need to do a pair of commands.
F00:0050       ;We can use ADD to add a second immediate value 
F00:0051       ;Of course we also have SUBtract commands
F00:0052       
F00:0053       	mov r0,#0x12340000		;load 12340000 into a register 
               S01:000085D4:  8D 07 A0 E3 04 03 80 E3
F00:0054       	bl MonitorR0R1	
               S01:000085DC:  41 00 00 EB
F00:0055       	
F00:0056       	;ADD Rx,Rn,Val Rx=Rn+Val
F00:0057       	add r0,r0,#0x00005678	;add R0 + 0x5678... store result in R0
               S01:000085E0:  56 0C 80 E2 78 00 80 E2
F00:0058       	bl MonitorR0R1	
               S01:000085E8:  3E 00 00 EB
F00:0059       	add r1,r0,#0x00000001	;add 1 to R0 and store result in R1 (R0 unchanged)
               S01:000085EC:  01 10 80 E2
F00:0060       	
F00:0061       	bl MonitorR0R1			;Show the regs (also shows R2 on Risc OS)
               S01:000085F0:  3C 00 00 EB
F00:0062       	
F00:0063       	;SUB Rx,Rn,Val Rx=Rn-Val
F00:0064       	sub r0,r0,#0x10000000	;Subtract from R0
               S01:000085F4:  01 02 40 E2
F00:0065       	bl MonitorR0R1	
               S01:000085F8:  3A 00 00 EB
F00:0066       	sub r1,r1,#0x00000001   ;Subtract 1
               S01:000085FC:  01 10 41 E2
F00:0067       	
F00:0068       	bl MonitorR0R1			;Show the regs (also shows R2 on Risc OS)
               S01:00008600:  38 00 00 EB
F00:0069       	
F00:0070       	b infloop
               S01:00008604:  2B 00 00 EA
F00:0071       
F00:0072       ;;;;;;;;;;;;;;;;;;;;;;;;;;;;;;;;;;;;;;;;;;;;;;;;;;;;;;;;;;;;;;;;;;;;;;;;;;;;;;;;;;;;;;;;;;
F00:0073       	
F00:0074       ;We can load a register from a label with LDR, and store it back with STR
F00:0075       TestVal: 
F00:0076       	.long 0xFEDCBA98
               S01:00008608:  98 BA DC FE
F00:0077       	.align 4	
F00:0078       TestReadWriteRam:	;Test Reading And Writing Ram
F00:0079       
F00:0080       	bl ShowTestRam		;show 'TestVal' ram
               S01:00008610:  2A 00 00 EB
F00:0081       	bl newline
               S01:00008614:  44 01 00 EB
F00:0082       	
F00:0083       	bl MonitorR0R1
               S01:00008618:  32 00 00 EB
F00:0084       	
F00:0085       	ldr r0,TestVal		;Load r0 from address TestVal
               S01:0000861C:  1C 00 1F E5
F00:0086       	bl MonitorR0R1
               S01:00008620:  30 00 00 EB
F00:0087       	
F00:0088       	add r0,r0,#1		;add 1 to R0
               S01:00008624:  01 00 80 E2
F00:0089       	bl MonitorR0R1
               S01:00008628:  2E 00 00 EB
F00:0090       	
F00:0091       	str r0,TestVal		;Store R0 into the address TestVal
               S01:0000862C:  2C 00 0F E5
F00:0092       	bl MonitorR0R1
               S01:00008630:  2C 00 00 EB
F00:0093       	
F00:0094       	bl newline
               S01:00008634:  3C 01 00 EB
F00:0095       	bl ShowTestRam		;show 'TestVal' ram
               S01:00008638:  20 00 00 EB
F00:0096       	
F00:0097       	bl newline
               S01:0000863C:  3A 01 00 EB
F00:0098       	bl newline
               S01:00008640:  39 01 00 EB
F00:0099       	
F00:0100       	mov r0,#0
               S01:00008644:  00 00 A0 E3
F00:0101       	
F00:0102       	bl ShowTestRam	;show 'UserRam' ram
               S01:00008648:  1C 00 00 EB
F00:0103       	bl newline
               S01:0000864C:  36 01 00 EB
F00:0104       	
F00:0105       	adr r2,testval		;Load the address of TestVal into r2
               S01:00008650:  50 20 4F E2
F00:0106       	
F00:0107       	ldr r1,[r2]			;Load r1 from the address in r2
               S01:00008654:  00 10 92 E5
F00:0108       	
F00:0109       	bl MonitorR0R1		;Show the regs (also shows R2 on Risc OS)
               S01:00008658:  22 00 00 EB
F00:0110       	
F00:0111       	mov r0,#0x00122100	;Move a test value into R0
               S01:0000865C:  21 0C A0 E3 12 08 80 E3
F00:0112       	
F00:0113       	mov	r2,#userram		;Move the address userram into R0... 
               S01:00008664:  02 29 A0 E3
F00:0114       							;userram isn't a label (it's a symbol)
F00:0115       							;so we can't use ADR
F00:0116       	
F00:0117       	str r0,[r2]			;Store R0 into the address in R2
               S01:00008668:  00 00 82 E5
F00:0118       	
F00:0119       	bl MonitorR0R1		;Show the regs (also shows R2 on Risc OS)
               S01:0000866C:  1D 00 00 EB
F00:0120       	bl newline
               S01:00008670:  2D 01 00 EB
F00:0121       	
F00:0122       	bl ShowUserRam	;show 'UserRam' ram
               S01:00008674:  16 00 00 EB
F00:0123       	
F00:0124       	b infloop
               S01:00008678:  0E 00 00 EA
F00:0125       	
F00:0126       ;;;;;;;;;;;;;;;;;;;;;;;;;;;;;;;;;;;;;;;;;;;;;;;;;;;;;;;;;;;;;;;;;;;;;;;;;;;;;;;;;;;;;;;;;;;;;;;;;;;;;;;;;;;;;;;;;;;;;;;;
F00:0127       
F00:0128       TestReadWriteRamB:	;Test Reading And Writing Ram
F00:0129       			
F00:0130       	bl ShowTestRam		;show 'TestVal' ram
               S01:0000867C:  0F 00 00 EB
F00:0131       	bl newline
               S01:00008680:  29 01 00 EB
F00:0132       	
F00:0133       	mov r0,#0xFFFF0000	;Reset R0
               S01:00008684:  FF 08 A0 E3 FF 04 80 E3
F00:0134       	add r0,r0,#0xFFFF	;Reset R0
               S01:0000868C:  FF 0C 80 E2 FF 00 80 E2
F00:0135       	bl MonitorR0R1		;Show the regs (also shows R2 on Risc OS)
               S01:00008694:  13 00 00 EB
F00:0136       	
F00:0137       	ldrB r0,TestVal		;Load BYTE r0 from address TestVal
               S01:00008698:  98 00 5F E5
F00:0138       	
F00:0139       	bl MonitorR0R1		
               S01:0000869C:  11 00 00 EB
F00:0140       	
F00:0141       	add r0,r0,#0xFF		;add a value 
               S01:000086A0:  FF 00 80 E2
F00:0142       	strB r0,TestVal		;Store BYTE R0 into the address in R2
               S01:000086A4:  A4 00 4F E5
F00:0143       							
F00:0144       	bl MonitorR0R1		;Show the regs (also shows R2 on Risc OS)
               S01:000086A8:  0E 00 00 EB
F00:0145       
F00:0146       	bl newline
               S01:000086AC:  1E 01 00 EB
F00:0147       	bl ShowTestRam		;show 'TestVal' ram
               S01:000086B0:  02 00 00 EB
F00:0148       	
F00:0149       	b infloop
               S01:000086B4:  FF FF FF EA
F00:0150       
F00:0151       
F00:0152       infloop:
F00:0153       	b infloop
               S01:000086B8:  FE FF FF EA
F00:0154       
F00:0155       .align 4				;We need to make sure we're aligned to a 32 bit boundsry
F00:0156       	
F00:0157       ;;;;;;;;;;;;;;;;;;;;;;;;;;;;;;;;;;;;;;;;;;;;;;;;;;;;;;;;;;;;;;;;;;;;;;;;;;;;;;;;;;;;;;;;;;;;;;;;;;;;;;;;
F00:0158       ShowTestRam:
F00:0159       	STMFD sp!,{r0-r12, lr}			;Push Regs
               S01:000086C0:  FF 5F 2D E9
F00:0160       		adr	r0,testval		;Address
               S01:000086C4:  C4 00 4F E2
F00:0161       		mov r1,#1			;Lines
               S01:000086C8:  01 10 A0 E3
F00:0162       		bl MemDump
               S01:000086CC:  22 00 00 EB
F00:0163       	LDMFD sp!,{r0-r12, pc}			;Pop Regs and return
               S01:000086D0:  FF 9F BD E8
F00:0164       ;;;;;;;;;;;;;;;;;;;;;;;;;;;;;;;;;;;;;;;;;;;;;;;;;;;;;;;;;;;;;;;;;;;;;;;;;;;;;;;;;;;;;;;;;;
F00:0165       
F00:0166       ShowUserRam:
F00:0167       	STMFD sp!,{r0-r12, lr}			;Push Regs
               S01:000086D4:  FF 5F 2D E9
F00:0168       		mov	r0,#userram
               S01:000086D8:  02 09 A0 E3
F00:0169       		mov r1,#1			;Lines
               S01:000086DC:  01 10 A0 E3
F00:0170       		bl MemDump
               S01:000086E0:  1D 00 00 EB
F00:0171       	LDMFD sp!,{r0-r12, pc}			;Pop Regs and return
               S01:000086E4:  FF 9F BD E8
F00:0172       
F00:0173       		
F00:0174       MonitorR0R1:
F00:0175       	STMFD sp!,{r0-r12, lr}			;Push Regs
               S01:000086E8:  FF 5F 2D E9
F00:0176       		bl MonitorR0
               S01:000086EC:  0C 00 00 EB
F00:0177       		bl MonitorR1
               S01:000086F0:  06 00 00 EB
F00:0178       		.ifdef BuildROS
F00:0179       			bl MonitorR2
               S01:000086F4:  01 00 00 EB
F00:0180       		.endif
F00:0181       		bl newline	
               S01:000086F8:  0B 01 00 EB
F00:0182       	LDMFD sp!,{r0-r12, pc}			;Pop Regs and return
               S01:000086FC:  FF 9F BD E8
F00:0183       	
F00:0184       MonitorR2:	
F00:0185       	STMFD sp!,{r0-r12, lr}			;Push Regs
               S01:00008700:  FF 5F 2D E9
F00:0186       		mov r1,#48+2				;Number 2
               S01:00008704:  32 10 A0 E3
F00:0187       		b MonitorRn
               S01:00008708:  08 00 00 EA
F00:0188       	LDMFD sp!,{r0-r12, pc}			;Pop Regs and return
               S01:0000870C:  FF 9F BD E8
F00:0189       	
F00:0190       	
F00:0191       MonitorR1:	
F00:0192       	STMFD sp!,{r0-r12, lr}			;Push Regs
               S01:00008710:  FF 5F 2D E9
F00:0193       		mov r2,r1
               S01:00008714:  01 20 A0 E1
F00:0194       		mov r1,#48+1				;Number 1
               S01:00008718:  31 10 A0 E3
F00:0195       		b MonitorRn
               S01:0000871C:  03 00 00 EA
F00:0196       	LDMFD sp!,{r0-r12, pc}			;Pop Regs and return
               S01:00008720:  FF 9F BD E8
F00:0197       	
F00:0198       	
F00:0199       MonitorR0:
F00:0200       	STMFD sp!,{r0-r12, lr}			;Push Regs
               S01:00008724:  FF 5F 2D E9
F00:0201       		mov r2,r0
               S01:00008728:  00 20 A0 E1
F00:0202       		mov r1,#48+0				;Number 0
               S01:0000872C:  30 10 A0 E3
F00:0203       MonitorRn:	
F00:0204       		mov r0,#82					;Letter R
               S01:00008730:  52 00 A0 E3
F00:0205       		bl PrintChar
               S01:00008734:  C9 00 00 EB
F00:0206       		mov r0,r1 					;reg number
               S01:00008738:  01 00 A0 E1
F00:0207       		bl PrintChar
               S01:0000873C:  C7 00 00 EB
F00:0208       		mov r0,#58 					;Ascii :
               S01:00008740:  3A 00 A0 E3
F00:0209       		bl PrintChar
               S01:00008744:  C5 00 00 EB
F00:0210       		
F00:0211       		mov r0,r2
               S01:00008748:  02 00 A0 E1
F00:0212       		bl ShowHex32	
               S01:0000874C:  60 00 00 EB
F00:0213       		mov r0,#32 					;Ascii Space
               S01:00008750:  20 00 A0 E3
F00:0214       		bl PrintChar
               S01:00008754:  C1 00 00 EB
F00:0215       	LDMFD sp!,{r0-r12, pc}			;Pop Regs and return
               S01:00008758:  FF 9F BD E8
F00:0216       	
F00:0217       	.include "/srcALL/V1_Monitor.asm"
F03:0001       	;mov	r0,#userram		;Address
F03:0002       	;mov r1,#2				;Lines
F03:0003       	;bl MemDump
F03:0004       MemDump:				
F03:0005       	STMFD sp!,{r0-r12, lr}
               S01:0000875C:  FF 5F 2D E9
F03:0006       		mov r4,r0
               S01:00008760:  00 40 A0 E1
F03:0007       		
F03:0008       
F03:0009       		mov r0,r4
               S01:00008764:  04 00 A0 E1
F03:0010       		bl ShowHex32
               S01:00008768:  59 00 00 EB
F03:0011       		mov r0,#58 ; :
               S01:0000876C:  3A 00 A0 E3
F03:0012       		bl PrintChar
               S01:00008770:  BA 00 00 EB
F03:0013       		bl NewLine
               S01:00008774:  EC 00 00 EB
F03:0014       
F03:0015       MemDumpNextLine:
F03:0016       		mov r3,#0
               S01:00008778:  00 30 A0 E3
F03:0017       MemDumpAgain:			
F03:0018       		ldrb r0,[r4,r3]
               S01:0000877C:  03 00 D4 E7
F03:0019       		bl ShowHex
               S01:00008780:  65 00 00 EB
F03:0020       		
F03:0021       		mov r0,#32 ; space
               S01:00008784:  20 00 A0 E3
F03:0022       		bl PrintChar
               S01:00008788:  B4 00 00 EB
F03:0023       		
F03:0024       		add r3,r3,#1
               S01:0000878C:  01 30 83 E2
F03:0025       		cmp r3,#MonitorWidth
               S01:00008790:  08 00 53 E3
F03:0026       		bne MemDumpAgain
               S01:00008794:  F8 FF FF 1A
F03:0027       		
F03:0028       		mov r3,#0
               S01:00008798:  00 30 A0 E3
F03:0029       MemDumpAgainB:
F03:0030       		mov r0,#0
               S01:0000879C:  00 00 A0 E3
F03:0031       		ldrb r0,[r4,r3]
               S01:000087A0:  03 00 D4 E7
F03:0032       		bl PrintCharSafe
               S01:000087A4:  07 00 00 EB
F03:0033       		add r3,r3,#1
               S01:000087A8:  01 30 83 E2
F03:0034       		cmp r3,#MonitorWidth
               S01:000087AC:  08 00 53 E3
F03:0035       		bne MemDumpAgainB
               S01:000087B0:  F9 FF FF 1A
F03:0036       		add r4,r4,r3
               S01:000087B4:  03 40 84 E0
F03:0037       		bl NewLine
               S01:000087B8:  DB 00 00 EB
F03:0038       		
F03:0039       		subs r1,r1,#1
               S01:000087BC:  01 10 51 E2
F03:0040       		bne MemDumpNextLine
               S01:000087C0:  EC FF FF 1A
F03:0041       		
F03:0042       	LDMFD sp!,{r0-r12, pc}		
               S01:000087C4:  FF 9F BD E8
F03:0043       PrintCharSafe:
F03:0044       	STMFD sp!,{r0-r12, lr}
               S01:000087C8:  FF 5F 2D E9
F03:0045       		cmp r0,#32
               S01:000087CC:  20 00 50 E3
F03:0046       		movlt r0,#46 ;'.'
               S01:000087D0:  2E 00 A0 B3
F03:0047       		cmp r0,#128
               S01:000087D4:  80 00 50 E3
F03:0048       		movgt r0,#46 ;'.'
               S01:000087D8:  2E 00 A0 C3
F03:0049       		
F03:0050       		bl printchar
               S01:000087DC:  9F 00 00 EB
F03:0051       	LDMFD sp!,{r0-r12, pc}		
               S01:000087E0:  FF 9F BD E8
F03:0052       Monitor:
F03:0053       	STMFD sp!,{r0-r15}
               S01:000087E4:  FF FF 2D E9
F03:0054       	mov r5,sp
               S01:000087E8:  0D 50 A0 E1
F03:0055       	
F03:0056       	
F03:0057       	mov r3,#0 ; 0
               S01:000087EC:  00 30 A0 E3
F03:0058       	mov r4,#0
               S01:000087F0:  00 40 A0 E3
F03:0059       NextReg:
F03:0060       	bl ShowReg				;1st column
               S01:000087F4:  26 00 00 EB
F03:0061       	
F03:0062       	mov r0,#32
               S01:000087F8:  20 00 A0 E3
F03:0063       	bl PrintChar
               S01:000087FC:  97 00 00 EB
F03:0064       	.ifdef BuildGBA
F03:0065       		add r4,r4,#8*4		;2nd column
F03:0066       		add r3,r3,#8
F03:0067       		bl ShowReg
F03:0068       		
F03:0069       		sub r4,r4,#8*4
F03:0070       		sub r3,r3,#8
F03:0071       		
F03:0072       		bl NewLine
F03:0073       		add r4,r4,#4
F03:0074       		add r3,r3,#1
F03:0075       		cmp r3,#8
F03:0076       		bne NextReg
F03:0077       	.else
F03:0078       		add r4,r4,#5*4		;2nd column
               S01:00008800:  14 40 84 E2
F03:0079       		add r3,r3,#5
               S01:00008804:  05 30 83 E2
F03:0080       		bl ShowReg
               S01:00008808:  21 00 00 EB
F03:0081       		
F03:0082       		mov r0,#32
               S01:0000880C:  20 00 A0 E3
F03:0083       		bl PrintChar
               S01:00008810:  92 00 00 EB
F03:0084       		
F03:0085       		add r4,r4,#5*4
               S01:00008814:  14 40 84 E2
F03:0086       		add r3,r3,#5
               S01:00008818:  05 30 83 E2
F03:0087       		bl ShowReg
               S01:0000881C:  1C 00 00 EB
F03:0088       		
F03:0089       		sub r4,r4,#10*4		;3rd column
               S01:00008820:  28 40 44 E2
F03:0090       		sub r3,r3,#10
               S01:00008824:  0A 30 43 E2
F03:0091       		
F03:0092       		bl NewLine
               S01:00008828:  BF 00 00 EB
F03:0093       		add r4,r4,#4
               S01:0000882C:  04 40 84 E2
F03:0094       		add r3,r3,#1
               S01:00008830:  01 30 83 E2
F03:0095       		cmp r3,#5
               S01:00008834:  05 00 53 E3
F03:0096       		bne NextReg
               S01:00008838:  ED FF FF 1A
F03:0097       		
F03:0098       		add r4,r4,#10*4		;Last reg
               S01:0000883C:  28 40 84 E2
F03:0099       		add r3,r3,#10
               S01:00008840:  0A 30 83 E2
F03:0100       		bl ShowReg
               S01:00008844:  12 00 00 EB
F03:0101       		bl NewLine
               S01:00008848:  B7 00 00 EB
F03:0102       	.endif
F03:0103       	LDMFD sp!,{r0-r14}
               S01:0000884C:  FF 7F BD E8
F03:0104       	add sp,sp,#4
               S01:00008850:  04 D0 8D E2
F03:0105       	mov pc,lr
               S01:00008854:  0E F0 A0 E1
F03:0106       	
F03:0107       	
F03:0108       	
F03:0109       ShowRegLR:		
F03:0110       		mov r0,#76 ; L
               S01:00008858:  4C 00 A0 E3
F03:0111       		bl PrintChar
               S01:0000885C:  7F 00 00 EB
F03:0112       		
F03:0113       		mov r0,#82 ; R
               S01:00008860:  52 00 A0 E3
F03:0114       		bl PrintChar
               S01:00008864:  7D 00 00 EB
F03:0115       	b ShowRegB
               S01:00008868:  14 00 00 EA
F03:0116       
F03:0117       	
F03:0118       ShowRegSP:		
F03:0119       		mov r0,#83 ; S
               S01:0000886C:  53 00 A0 E3
F03:0120       		bl PrintChar
               S01:00008870:  7A 00 00 EB
F03:0121       		
F03:0122       		mov r0,#80 ; P
               S01:00008874:  50 00 A0 E3
F03:0123       		bl PrintChar
               S01:00008878:  78 00 00 EB
F03:0124       	b ShowRegB
               S01:0000887C:  0F 00 00 EA
F03:0125       	
F03:0126       ShowRegPC:		
F03:0127       		mov r0,#80 ; P
               S01:00008880:  50 00 A0 E3
F03:0128       		bl PrintChar
               S01:00008884:  75 00 00 EB
F03:0129       		
F03:0130       		mov r0,#67 ; C
               S01:00008888:  43 00 A0 E3
F03:0131       		bl PrintChar	
               S01:0000888C:  73 00 00 EB
F03:0132       	b ShowRegB
               S01:00008890:  0A 00 00 EA
F03:0133       	
F03:0134       ShowReg:					;ShowReg R3
F03:0135       	STMFD sp!,{r0-r12, lr}
               S01:00008894:  FF 5F 2D E9
F03:0136       		cmp r3,#15
               S01:00008898:  0F 00 53 E3
F03:0137       		beq ShowRegPC
               S01:0000889C:  F7 FF FF 0A
F03:0138       		
F03:0139       		cmp r3,#14
               S01:000088A0:  0E 00 53 E3
F03:0140       		beq ShowRegLR
               S01:000088A4:  EB FF FF 0A
F03:0141       		cmp r3,#13
               S01:000088A8:  0D 00 53 E3
F03:0142       		beq ShowRegSP
               S01:000088AC:  EE FF FF 0A
F03:0143       		
F03:0144       		
F03:0145       		mov r0,#82 ; D
               S01:000088B0:  52 00 A0 E3
F03:0146       		bl PrintChar
               S01:000088B4:  69 00 00 EB
F03:0147       		
F03:0148       		mov r2,r3 ; 0
               S01:000088B8:  03 20 A0 E1
F03:0149       		bl ShowHexChar
               S01:000088BC:  1C 00 00 EB
F03:0150       ShowRegB:		
F03:0151       		mov r0,#58 ; :
               S01:000088C0:  3A 00 A0 E3
F03:0152       		bl PrintChar
               S01:000088C4:  65 00 00 EB
F03:0153       		
F03:0154       		ldr r0,[r5,r4]
               S01:000088C8:  04 00 95 E7
F03:0155       		bl ShowHex32
               S01:000088CC:  00 00 00 EB
F03:0156       	LDMFD sp!,{r0-r12, pc}		
               S01:000088D0:  FF 9F BD E8
F03:0157       ShowHex32:
F03:0158       	STMFD sp!,{r0-r12, lr}
               S01:000088D4:  FF 5F 2D E9
F03:0159       		mov r2,r0,ror #28
               S01:000088D8:  60 2E A0 E1
F03:0160       		bl ShowHexChar	
               S01:000088DC:  14 00 00 EB
F03:0161       		mov r2,r0,ror #24
               S01:000088E0:  60 2C A0 E1
F03:0162       		bl ShowHexChar	
               S01:000088E4:  12 00 00 EB
F03:0163       		mov r2,r0,ror #20
               S01:000088E8:  60 2A A0 E1
F03:0164       		bl ShowHexChar	
               S01:000088EC:  10 00 00 EB
F03:0165       		mov r2,r0,ror #16
               S01:000088F0:  60 28 A0 E1
F03:0166       		bl ShowHexChar	
               S01:000088F4:  0E 00 00 EB
F03:0167       		mov r2,r0,ror #12
               S01:000088F8:  60 26 A0 E1
F03:0168       		bl ShowHexChar	
               S01:000088FC:  0C 00 00 EB
F03:0169       		mov r2,r0,ror #8
               S01:00008900:  60 24 A0 E1
F03:0170       		bl ShowHexChar	
               S01:00008904:  0A 00 00 EB
F03:0171       		mov r2,r0,ror #4
               S01:00008908:  60 22 A0 E1
F03:0172       		bl ShowHexChar	
               S01:0000890C:  08 00 00 EB
F03:0173       		mov r2,r0
               S01:00008910:  00 20 A0 E1
F03:0174       		bl ShowHexChar	
               S01:00008914:  06 00 00 EB
F03:0175       	LDMFD sp!,{r0-r12, pc}		
               S01:00008918:  FF 9F BD E8
F03:0176       ShowHex:
F03:0177       	STMFD sp!,{r0-r12, lr}
               S01:0000891C:  FF 5F 2D E9
F03:0178       		mov r2,r0,ror #4
               S01:00008920:  60 22 A0 E1
F03:0179       		bl ShowHexChar	
               S01:00008924:  02 00 00 EB
F03:0180       		mov r2,r0
               S01:00008928:  00 20 A0 E1
F03:0181       		bl ShowHexChar	
               S01:0000892C:  00 00 00 EB
F03:0182       	LDMFD sp!,{r0-r12, pc}		
               S01:00008930:  FF 9F BD E8
F03:0183       	
F03:0184       ShowHexChar:
F03:0185       	STMFD sp!,{r0-r12, lr}
               S01:00008934:  FF 5F 2D E9
F03:0186       		;mov r3,
F03:0187       		and r0,r2,#0x0F ; r3
               S01:00008938:  0F 00 02 E2
F03:0188       		cmp r0,#10
               S01:0000893C:  0A 00 50 E3
F03:0189       		addge r0,r0,#7
               S01:00008940:  07 00 80 A2
F03:0190       		add r0,r0,#48
               S01:00008944:  30 00 80 E2
F03:0191       		bl PrintChar	
               S01:00008948:  44 00 00 EB
F03:0192       	LDMFD sp!,{r0-r12, pc}	
               S01:0000894C:  FF 9F BD E8
F03:0193       	
F00:0218       	.include "/srcALL/V1_BitmapMemory.asm"
F04:0001       	.ifdef BuildROS
F04:0002       		.include "\SrcROS\V1_BitmapMemory.asm"
F05:0001       
F05:0002       SetPalette:
F05:0003       	STMFD sp!,{r0-r12, lr}
               S01:00008950:  FF 5F 2D E9
F05:0004       		mov r11,r0
               S01:00008954:  00 B0 A0 E1
F05:0005       		
F05:0006       		mov r3,#0xF0
               S01:00008958:  F0 30 A0 E3
F05:0007       	  
F05:0008       		mov r0,#19	;VDU 19	
               S01:0000895C:  13 00 A0 E3
F05:0009       		swi 0x00	;print char R0
               S01:00008960:  00 00 00 EF
F05:0010       		mov r0,r11	;palette 
               S01:00008964:  0B 00 A0 E1
F05:0011       		swi 0x00	;print char R0
               S01:00008968:  00 00 00 EF
F05:0012       		mov r0,#16	;NoFlash
               S01:0000896C:  10 00 A0 E3
F05:0013       		swi 0x00	;print char R0
               S01:00008970:  00 00 00 EF
F05:0014       		
F05:0015       		mov r2,r1
               S01:00008974:  01 20 A0 E1
F05:0016       		and r2,r2,r3
               S01:00008978:  03 20 02 E0
F05:0017       		
F05:0018       		mov r0,r2	;R (top 4 bit 00-F0)
               S01:0000897C:  02 00 A0 E1
F05:0019       		swi 0x00	;print char R0
               S01:00008980:  00 00 00 EF
F05:0020       		
F05:0021       		mov r2,r1,ROR #4
               S01:00008984:  61 22 A0 E1
F05:0022       		and r2,r2,r3
               S01:00008988:  03 20 02 E0
F05:0023       		
F05:0024       		mov r0,r2	;G (top 4 bit 00-F0)
               S01:0000898C:  02 00 A0 E1
F05:0025       		swi 0x00	;print char R0
               S01:00008990:  00 00 00 EF
F05:0026       		
F05:0027       		mov r2,r1,LSL #4
               S01:00008994:  01 22 A0 E1
F05:0028       		and r2,r2,r3
               S01:00008998:  03 20 02 E0
F05:0029       		
F05:0030       		mov r0,r2	;B (top 4 bit 00-F0)
               S01:0000899C:  02 00 A0 E1
F05:0031       		swi 0x00	;print char R0
               S01:000089A0:  00 00 00 EF
F05:0032       
F05:0033       	LDMFD sp!,{r0-r12, pc}	
               S01:000089A4:  FF 9F BD E8
F05:0034       	
F05:0035       
F05:0036       GetVars:
F05:0037       	.long 148	;ScreenStart
               S01:000089A8:  94 00 00 00
F05:0038       	.long 149	;DisplayStart
               S01:000089AC:  95 00 00 00
F05:0039       	.long 150	;TotalScreenSize
               S01:000089B0:  96 00 00 00
F05:0040       	.long -1
               S01:000089B4:  FF FF FF FF
F05:0041       ScreenBase:
F05:0042       ReturnVars:
F05:0043       	.long 0
               S01:000089B8:  00 00 00 00
F05:0044       	.long 0
               S01:000089BC:  00 00 00 00
F05:0045       	.long 0
               S01:000089C0:  00 00 00 00
F05:0046       
F05:0047       	
F05:0048       	
F05:0049       ScreenInit:
F05:0050       	STMFD sp!,{r0-r12, lr}
               S01:000089C4:  FF 5F 2D E9
F05:0051       		;mov r0,#0
F05:0052       		;mov r1,#9
F05:0053       		;SWI 0x65 ;Screen mode
F05:0054       	  
F05:0055       		mov r0,#22	;VDU 22
               S01:000089C8:  16 00 A0 E3
F05:0056       		swi 0x00	;print char R0
               S01:000089CC:  00 00 00 EF
F05:0057       		mov r0,#9	;Screen mode 9
               S01:000089D0:  09 00 A0 E3
F05:0058       		swi 0x00	;print char R0
               S01:000089D4:  00 00 00 EF
F05:0059       	  
F05:0060       	  
F05:0061       		
F05:0062       	  
F05:0063       		; mov r0,#19	;VDU 19	
F05:0064       		; swi 0x00	;print char R0
F05:0065       		; mov r0,#0	;palette 0
F05:0066       		; swi 0x00	;print char R0
F05:0067       		; mov r0,#16	;NoFlash
F05:0068       		; swi 0x00	;print char R0
F05:0069       		; mov r0,#255	;R (top 4 bit 00-F0)
F05:0070       		; swi 0x00	;print char R0
F05:0071       		; mov r0,#128	;G (top 4 bit 00-F0)
F05:0072       		; swi 0x00	;print char R0
F05:0073       		; mov r0,#255	;B (top 4 bit 00-F0)
F05:0074       		; swi 0x00	;print char R0
F05:0075       	  
F05:0076       		SWI 0x36 ;Remove Cursor
               S01:000089D8:  36 00 00 EF
F05:0077       	  
F05:0078       		adrl r0,GetVars
               S01:000089DC:  3C 00 4F E2
F05:0079       		adrl r1,ReturnVars
               S01:000089E0:  30 10 4F E2
F05:0080       		swi 0x31				;Get Screen Base
               S01:000089E4:  31 00 00 EF
F05:0081       		
F05:0082       		
F05:0083       		
F05:0084       	adr r10,InitPalette
               S01:000089E8:  18 A0 8F E2
F05:0085       	mov r0,#0
               S01:000089EC:  00 00 A0 E3
F05:0086       InitPaletteAgain:
F05:0087       	ldr r1,[r10],#2
               S01:000089F0:  02 10 9A E4
F05:0088       	bl SetPalette
               S01:000089F4:  D5 FF FF EB
F05:0089       	add r0,r0,#1
               S01:000089F8:  01 00 80 E2
F05:0090       	cmp r0,#16
               S01:000089FC:  10 00 50 E3
F05:0091       	bne InitPaletteAgain
               S01:00008A00:  FA FF FF 1A
F05:0092       	LDMFD sp!,{r0-r12, pc}	
               S01:00008A04:  FF 9F BD E8
F05:0093       	
F05:0094       	
F05:0095       InitPalette:
F05:0096       		  ;-GRB
F05:0097       	.word 0x008;0  
               S01:00008A08:  08 00
F05:0098       	.word 0xFF0;1
               S01:00008A0A:  F0 0F
F05:0099       	.word 0xF0F;2  
               S01:00008A0C:  0F 0F
F05:0100       	.word 0x00F;3  
               S01:00008A0E:  0F 00
F05:0101       	.word 0xFF0;4  
               S01:00008A10:  F0 0F
F05:0102       	.word 0xFF0;5  
               S01:00008A12:  F0 0F
F05:0103       	.word 0xFF0;6
               S01:00008A14:  F0 0F
F05:0104       	.word 0xFF0;7  
               S01:00008A16:  F0 0F
F05:0105       	.word 0xFF0;8  
               S01:00008A18:  F0 0F
F05:0106       	.word 0xFF0;9  
               S01:00008A1A:  F0 0F
F05:0107       	.word 0xFF0;A  
               S01:00008A1C:  F0 0F
F05:0108       	.word 0xFF0;B  
               S01:00008A1E:  F0 0F
F05:0109       	.word 0xFF0;C  
               S01:00008A20:  F0 0F
F05:0110       	.word 0xFF0;D  
               S01:00008A22:  F0 0F
F05:0111       	.word 0xFF0;E  
               S01:00008A24:  F0 0F
F05:0112       	.word 0xFF0;F  
               S01:00008A26:  F0 0F
F05:0113       	
F05:0114       GetNextLine:
F05:0115       	add r10,r10,#160	;Add 160 to register R10
               S01:00008A28:  A0 A0 8A E2
F05:0116       	
F05:0117       	MOV pc,lr	;Return (transfer Link Register to Program Counter)
               S01:00008A2C:  0E F0 A0 E1
F05:0118       	
F05:0119       GetScreenPos: ;R1,R2 = X,Y
F05:0120       	STMFD sp!,{r2}
               S01:00008A30:  04 00 2D E9
F05:0121       		STMFD sp!,{r1}
               S01:00008A34:  02 00 2D E9
F05:0122       			adrl r1,ScreenBase
               S01:00008A38:  88 10 4F E2
F05:0123       			ldr r10,[r1]
               S01:00008A3C:  00 A0 91 E5
F05:0124       			
F05:0125       			mov r1,#160		;Ypos 
               S01:00008A40:  A0 10 A0 E3
F05:0126       			mul r2,r1,r2
               S01:00008A44:  91 02 02 E0
F05:0127       		LDMFD sp!,{r1}	
               S01:00008A48:  02 00 BD E8
F05:0128       		add r10,r10,r1
               S01:00008A4C:  01 A0 8A E0
F05:0129       		add r10,r10,r2
               S01:00008A50:  02 A0 8A E0
F05:0130       	add r10,r10,r2
               S01:00008A54:  02 A0 8A E0
F05:0131       	LDMFD sp!,{r2}
               S01:00008A58:  04 00 BD E8
F05:0132       	MOV pc,lr
               S01:00008A5C:  0E F0 A0 E1
F05:0133       	
F05:0134       	
F05:0135       	
F05:0136       
F05:0137       PrintChar:
F05:0138       
F05:0139       	
F05:0140       	STMFD sp!,{r0-r12, lr}
               S01:00008A60:  FF 5F 2D E9
F05:0141       		mov r3,#RamArea
               S01:00008A64:  02 39 A0 E3
F05:0142       		mov r4,#0
               S01:00008A68:  00 40 A0 E3
F05:0143       		mov r5,#0
               S01:00008A6C:  00 50 A0 E3
F05:0144       		ldrB r4,[r3,#CursorX]	;X
               S01:00008A70:  20 40 D3 E5
F05:0145       		ldrB r5,[r3,#CursorY]	;Y
               S01:00008A74:  21 50 D3 E5
F05:0146       				
F05:0147       		
F05:0148       		adrl r1,ReturnVars
               S01:00008A78:  C8 10 4F E2
F05:0149       		ldr r3,[r1]
               S01:00008A7C:  00 30 91 E5
F05:0150       		
F05:0151       		mov r6,#4			;Xpos 
               S01:00008A80:  04 60 A0 E3
F05:0152       		mul r2,r4,r6
               S01:00008A84:  94 06 02 E0
F05:0153       		add r3,r3,r2
               S01:00008A88:  02 30 83 E0
F05:0154       		
F05:0155       		mov r4,#160*8		;Ypos 
               S01:00008A8C:  05 4C A0 E3
F05:0156       		mul r2,r5,r4
               S01:00008A90:  95 04 02 E0
F05:0157       		add r3,r3,r2
               S01:00008A94:  02 30 83 E0
F05:0158       
F05:0159       		
F05:0160       		sub r0,r0,#32
               S01:00008A98:  20 00 40 E2
F05:0161       		adrl r4,BitmapFont ; use address 4 bytes before to use auto update later
               S01:00008A9C:  A8 40 8F E2
F05:0162       		add r4,r4,r0,asl #3
               S01:00008AA0:  80 41 84 E0
F05:0163       		
F05:0164       		mov r1,#8 ; 48 bytes per row = 12 words
               S01:00008AA4:  08 10 A0 E3
F05:0165       .pixel_loop:
F05:0166       
F05:0167       		mov r9,#0b00000001
               S01:00008AA8:  01 90 A0 E3
F05:0168       		ldrb r8,[r4]	;Load Letter
               S01:00008AAC:  00 80 D4 E5
F05:0169       		add r4,r4,#1
               S01:00008AB0:  01 40 84 E2
F05:0170       		
F05:0171       		mov r2,#0
               S01:00008AB4:  00 20 A0 E3
F05:0172       		
F05:0173       		and r10,r9,r8,;ror #0
               S01:00008AB8:  08 A0 09 E0
F05:0174       		orr r2,r2,r10;,ror #0
               S01:00008ABC:  0A 20 82 E1
F05:0175       		
F05:0176       		and r10,r9,r8,ror #1
               S01:00008AC0:  E8 A0 09 E0
F05:0177       		orr r2,r2,r10,ror #4*1
               S01:00008AC4:  6A 22 82 E1
F05:0178       		
F05:0179       		and r10,r9,r8,ror #2
               S01:00008AC8:  68 A1 09 E0
F05:0180       		orr r2,r2,r10,ror #4*2
               S01:00008ACC:  6A 24 82 E1
F05:0181       		
F05:0182       		and r10,r9,r8,ror #3
               S01:00008AD0:  E8 A1 09 E0
F05:0183       		orr r2,r2,r10,ror #4*3
               S01:00008AD4:  6A 26 82 E1
F05:0184       		
F05:0185       		and r10,r9,r8,ror #4
               S01:00008AD8:  68 A2 09 E0
F05:0186       		orr r2,r2,r10,ror #4*4
               S01:00008ADC:  6A 28 82 E1
F05:0187       		
F05:0188       		and r10,r9,r8,ror #5
               S01:00008AE0:  E8 A2 09 E0
F05:0189       		orr r2,r2,r10,ror #4*5
               S01:00008AE4:  6A 2A 82 E1
F05:0190       		
F05:0191       		and r10,r9,r8,ror #6
               S01:00008AE8:  68 A3 09 E0
F05:0192       		orr r2,r2,r10,ror #4*6
               S01:00008AEC:  6A 2C 82 E1
F05:0193       		
F05:0194       		and r10,r9,r8,ror #7
               S01:00008AF0:  E8 A3 09 E0
F05:0195       		orr r2,r2,r10,ror #4*7
               S01:00008AF4:  6A 2E 82 E1
F05:0196       		
F05:0197       		mov r5,r2
               S01:00008AF8:  02 50 A0 E1
F05:0198       		orr r5,r5,r2,asl #1
               S01:00008AFC:  82 50 85 E1
F05:0199       		orr r5,r5,r2,asl #2
               S01:00008B00:  02 51 85 E1
F05:0200       		orr r5,r5,r2,asl #3
               S01:00008B04:  82 51 85 E1
F05:0201       		
F05:0202       		str r5,[r3]
               S01:00008B08:  00 50 83 E5
F05:0203       		;add r3,r3,#2
F05:0204       		
F05:0205       		;b infloop
F05:0206       
F05:0207       		
F05:0208       		add r3,r3,#160;-8
               S01:00008B0C:  A0 30 83 E2
F05:0209       		
F05:0210       		subs r1,r1,#1
               S01:00008B10:  01 10 51 E2
F05:0211       		bne .pixel_loop
               S01:00008B14:  E3 FF FF 1A
F05:0212       		
F05:0213       		
F05:0214       		mov r3,#ramarea
               S01:00008B18:  02 39 A0 E3
F05:0215       		ldrB r0,[r3,#CursorX]	;X
               S01:00008B1C:  20 00 D3 E5
F05:0216       		add r0,r0,#1
               S01:00008B20:  01 00 80 E2
F05:0217       		strB r0,[r3,#CursorX]	;X
               S01:00008B24:  20 00 C3 E5
F05:0218       		
F05:0219       	LDMFD sp!,{r0-r12, pc}		
               S01:00008B28:  FF 9F BD E8
F05:0220       
F05:0221       
F05:0222       NewLine:
F05:0223       	STMFD sp!,{r0-r12, lr}
               S01:00008B2C:  FF 5F 2D E9
F05:0224       		;swi 0x03	;NewLine
F05:0225       		
F05:0226       		mov r3,#RamArea
               S01:00008B30:  02 39 A0 E3
F05:0227       		
F05:0228       		mov r0,#0
               S01:00008B34:  00 00 A0 E3
F05:0229       		strB r0,[r3,#CursorX]	;X
               S01:00008B38:  20 00 C3 E5
F05:0230       		
F05:0231       		ldrB r0,[r3,#CursorY]	;X
               S01:00008B3C:  21 00 D3 E5
F05:0232       		add r0,r0,#1
               S01:00008B40:  01 00 80 E2
F05:0233       		strB r0,[r3,#CursorY]	;X
               S01:00008B44:  21 00 C3 E5
F05:0234       		
F05:0235       	LDMFD sp!,{r0-r12, pc}		
               S01:00008B48:  FF 9F BD E8
F04:0003       	.endif
F04:0004       	.ifdef BuildGBA
F04:0005       		.include "\SrcGBA\V1_BitmapMemory.asm"
F04:0006       	.endif
F00:0219       
F00:0220       BitmapFont:
F00:0221       	.incbin "\ResALL\Font96.FNT"
               S01:00008B4C:  00 00 00 00 00 00 00 00 10 18 18 18 18 00 18 00
               S01:00008B5C:  28 6C 28 00 00 00 00 00 00 28 7C 28 7C 28 00 00
F00:0222       SpriteTest:
F00:0223       	.ifdef BuildROS
F00:0224       		.incbin "\ResALL\SpriteROS.RAW"
               S01:00008E4C:  00 00 00 00 20 0F 00 00 00 30 EF 00 20 FF 03 00
               S01:00008E5C:  00 00 00 00 00 00 00 00 00 00 00 00 00 F3 00 00
F00:0225       	.endif
F00:0226       	.ifdef BuildGBA
F00:0227       		.incbin "\ResALL\SpriteGBA.RAW"
F00:0228       	.endif
F00:0229       
F00:0230       	


Sections:
S01  seg8000


Sources:
F00  Lesson1.asm
F01  \SrcALL\V1_Header.asm
F02  \SrcROS\V1_Header.asm
F03  \srcALL\V1_Monitor.asm
F04  \srcALL\V1_BitmapMemory.asm
F05  \SrcROS\V1_BitmapMemory.asm


Symbols:
SpriteTest EXPR(36428=0x8e4c) UNUSED ABS 
.pixel_loop EXPR(35496=0x8aa8) ABS 
BitmapFont EXPR(35660=0x8b4c) ABS 
GetScreenPos EXPR(35376=0x8a30) UNUSED ABS 
GetNextLine EXPR(35368=0x8a28) UNUSED ABS 
InitPaletteAgain EXPR(35312=0x89f0) ABS 
InitPalette EXPR(35336=0x8a08) ABS 
ReturnVars EXPR(35256=0x89b8) ABS 
ScreenBase EXPR(35256=0x89b8) ABS 
GetVars EXPR(35240=0x89a8) ABS 
SetPalette EXPR(35152=0x8950) ABS 
ShowHexChar EXPR(35124=0x8934) ABS 
ShowRegPC EXPR(34944=0x8880) ABS 
ShowRegSP EXPR(34924=0x886c) ABS 
ShowRegB EXPR(35008=0x88c0) ABS 
ShowRegLR EXPR(34904=0x8858) ABS 
ShowReg EXPR(34964=0x8894) ABS 
NextReg EXPR(34804=0x87f4) ABS 
Monitor EXPR(34788=0x87e4) UNUSED ABS 
PrintCharSafe EXPR(34760=0x87c8) ABS 
MemDumpAgainB EXPR(34716=0x879c) ABS 
ShowHex EXPR(35100=0x891c) ABS 
MemDumpAgain EXPR(34684=0x877c) ABS 
MemDumpNextLine EXPR(34680=0x8778) ABS 
ShowHex32 EXPR(35028=0x88d4) ABS 
PrintChar EXPR(35424=0x8a60) ABS 
MonitorRn EXPR(34608=0x8730) ABS 
MonitorR2 EXPR(34560=0x8700) ABS 
MonitorR1 EXPR(34576=0x8710) ABS 
MonitorR0 EXPR(34596=0x8724) ABS 
MemDump EXPR(34652=0x875c) ABS 
ShowUserRam EXPR(34516=0x86d4) ABS 
ShowTestRam EXPR(34496=0x86c0) ABS 
TestReadWriteRam EXPR(34320=0x8610) UNUSED ABS 
TestVal EXPR(34312=0x8608) ABS 
infloop EXPR(34488=0x86b8) ABS 
NewLine EXPR(35628=0x8b2c) ABS 
MonitorR0R1 EXPR(34536=0x86e8) ABS 
TestRegAddSub EXPR(34204=0x859c) UNUSED ABS 
TestReadWriteRamB EXPR(34428=0x867c) ABS 
ScreenInit EXPR(35268=0x89c4) ABS 
MonitorWidth EXPR(8=0x8) 
userram EXPR(32768=0x8000) 
Stack EXPR(34180=0x8584) ABS 
CursorY EXPR(33=0x21) 
CursorX EXPR(32=0x20) 
ramarea EXPR(32768=0x8000) 
CodeStart EXPR(34192=0x8590) ABS 
BaseRam EXPR(32768=0x8000) UNUSED ABS 
progbase EXPR(0=0x0) UNUSED 
__VASM EXPR(0=0x0) INTERNAL 
BuildROS EXPR(1=0x1) UNUSED 
vasm EXPR(1=0x1) UNUSED 
CpuArm2 EXPR(1=0x1) UNUSED 

There have been no errors.
